#
# There is insufficient memory for the Java Runtime Environment to continue.
# Native memory allocation (mmap) failed to map 134217728 bytes for G1 virtual space
# Possible reasons:
#   The system is out of physical RAM or swap space
#   The process is running with CompressedOops enabled, and the Java Heap may be blocking the growth of the native heap
# Possible solutions:
#   Reduce memory load on the system
#   Increase physical memory or swap space
#   Check if swap backing store is full
#   Decrease Java heap size (-Xmx/-Xms)
#   Decrease number of Java threads
#   Decrease Java thread stack sizes (-Xss)
#   Set larger code cache with -XX:ReservedCodeCacheSize=
#   JVM is running with Unscaled Compressed Oops mode in which the Java heap is
#     placed in the first 4GB address space. The Java Heap base address is the
#     maximum limit for the native heap growth. Please use -XX:HeapBaseMinAddress
#     to set the Java Heap base and to place the Java Heap above 4GB virtual address.
# This output file may be truncated or incomplete.
#
#  Out of Memory Error (os_windows.cpp:3550), pid=16680, tid=4652
#
# JRE version:  (17.0.7+8) (build )
# Java VM: Java HotSpot(TM) 64-Bit Server VM (17.0.7+8-LTS-224, mixed mode, sharing, tiered, compressed oops, compressed class ptrs, g1 gc, windows-amd64)
# No core dump will be written. Minidumps are not enabled by default on client versions of Windows
#

---------------  S U M M A R Y ------------

Command Line: -agentlib:jdwp=transport=dt_socket,server=n,suspend=y,address=127.0.0.1:52350 -Dfile.encoding=windows-1252 -Duser.country=IN -Duser.language=en -Duser.variant com.cyber.invoicekeepms.InvoiceKeepMsApplication

Host: Intel(R) Core(TM) i5-10300H CPU @ 2.50GHz, 8 cores, 7G,  Windows 11 , 64 bit Build 22000 (10.0.22000.1880)
Time: Tue May 23 00:20:32 2023 India Standard Time elapsed time: 0.021069 seconds (0d 0h 0m 0s)

---------------  T H R E A D  ---------------

Current thread (0x000001df4ee04660):  JavaThread "Unknown thread" [_thread_in_vm, id=4652, stack(0x0000002c9fd00000,0x0000002c9fe00000)]

Stack: [0x0000002c9fd00000,0x0000002c9fe00000]
Native frames: (J=compiled Java code, j=interpreted, Vv=VM code, C=native code)
V  [jvm.dll+0x676a4a]
V  [jvm.dll+0x7d74f4]
V  [jvm.dll+0x7d8c9e]
V  [jvm.dll+0x7d9303]
V  [jvm.dll+0x2452c5]
V  [jvm.dll+0x6738f9]
V  [jvm.dll+0x668232]
V  [jvm.dll+0x302826]
V  [jvm.dll+0x309da6]
V  [jvm.dll+0x35952e]
V  [jvm.dll+0x35975f]
V  [jvm.dll+0x2d9a38]
V  [jvm.dll+0x2da9a4]
V  [jvm.dll+0x7a8fb1]
V  [jvm.dll+0x3670e1]
V  [jvm.dll+0x788359]
V  [jvm.dll+0x3ea5ef]
V  [jvm.dll+0x3ec071]
C  [jli.dll+0x5297]
C  [ucrtbase.dll+0x26c0c]
C  [KERNEL32.DLL+0x155a0]
C  [ntdll.dll+0x485b]


---------------  P R O C E S S  ---------------

Threads class SMR info:
_java_thread_list=0x00007ff98be44998, length=0, elements={
}

Java Threads: ( => current thread )

Other Threads:
  0x000001df4ee5fee0 GCTaskThread "GC Thread#0" [stack: 0x0000002c9fe00000,0x0000002c9ff00000] [id=17924]
  0x000001df4ee70cc0 ConcurrentGCThread "G1 Main Marker" [stack: 0x0000002c9ff00000,0x0000002ca0000000] [id=1956]
  0x000001df4ee71e70 ConcurrentGCThread "G1 Conc#0" [stack: 0x0000002ca0000000,0x0000002ca0100000] [id=2660]

[error occurred during error reporting (printing all threads), id 0xc0000005, EXCEPTION_ACCESS_VIOLATION (0xc0000005) at pc=0x00007ff98b67a697]

VM state: not at safepoint (not fully initialized)

VM Mutex/Monitor currently owned by a thread:  ([mutex/lock_event])
[0x000001df4edff890] Heap_lock - owner thread: 0x000001df4ee04660

Heap address: 0x0000000081600000, size: 2026 MB, Compressed Oops mode: 32-bit

CDS archive(s) mapped at: [0x0000000000000000-0x0000000000000000-0x0000000000000000), size 0, SharedBaseAddress: 0x0000000800000000, ArchiveRelocationMode: 0.
Narrow klass base: 0x0000000000000000, Narrow klass shift: 0, Narrow klass range: 0x0

GC Precious Log:
<Empty>

Heap:
 garbage-first heap   total 0K, used 0K [0x0000000081600000, 0x0000000100000000)
  region size 1024K, 0 young (0K), 0 survivors (0K)

[error occurred during error reporting (printing heap information), id 0xc0000005, EXCEPTION_ACCESS_VIOLATION (0xc0000005) at pc=0x00007ff98ba600b9]

GC Heap History (0 events):
No events

Deoptimization events (0 events):
No events

Classes unloaded (0 events):
No events

Classes redefined (0 events):
No events

Internal exceptions (0 events):
No events

VM Operations (0 events):
No events

Events (1 events):
Event: 0.012 Loaded shared library C:\Program Files\Java\jdk-17\bin\java.dll


Dynamic libraries:
0x00007ff776570000 - 0x00007ff776580000 	C:\Program Files\Java\jdk-17\bin\java.exe
0x00007ff9d9c80000 - 0x00007ff9d9e89000 	C:\WINDOWS\SYSTEM32\ntdll.dll
0x00007ff9d8510000 - 0x00007ff9d85ce000 	C:\WINDOWS\System32\KERNEL32.DLL
0x00007ff9d7370000 - 0x00007ff9d76f4000 	C:\WINDOWS\System32\KERNELBASE.dll
0x00007ff9d7250000 - 0x00007ff9d7361000 	C:\WINDOWS\System32\ucrtbase.dll
0x00007ff9d1810000 - 0x00007ff9d1829000 	C:\Program Files\Java\jdk-17\bin\jli.dll
0x00007ff9d2170000 - 0x00007ff9d218b000 	C:\Program Files\Java\jdk-17\bin\VCRUNTIME140.dll
0x00007ff9d7c00000 - 0x00007ff9d7caf000 	C:\WINDOWS\System32\ADVAPI32.dll
0x00007ff9d8400000 - 0x00007ff9d84a3000 	C:\WINDOWS\System32\msvcrt.dll
0x00007ff9d8ac0000 - 0x00007ff9d8b5e000 	C:\WINDOWS\System32\sechost.dll
0x00007ff9d9010000 - 0x00007ff9d9131000 	C:\WINDOWS\System32\RPCRT4.dll
0x00007ff9d7cc0000 - 0x00007ff9d7e6d000 	C:\WINDOWS\System32\USER32.dll
0x00007ff9d7ac0000 - 0x00007ff9d7ae6000 	C:\WINDOWS\System32\win32u.dll
0x00007ff9d83d0000 - 0x00007ff9d83fa000 	C:\WINDOWS\System32\GDI32.dll
0x00007ff9d7130000 - 0x00007ff9d724f000 	C:\WINDOWS\System32\gdi32full.dll
0x00007ff9bdb00000 - 0x00007ff9bdda5000 	C:\WINDOWS\WinSxS\amd64_microsoft.windows.common-controls_6595b64144ccf1df_6.0.22000.120_none_9d947278b86cc467\COMCTL32.dll
0x00007ff9d78f0000 - 0x00007ff9d798d000 	C:\WINDOWS\System32\msvcp_win.dll
0x00007ff9cff90000 - 0x00007ff9cff9a000 	C:\WINDOWS\SYSTEM32\VERSION.dll
0x00007ff9d8b60000 - 0x00007ff9d8b91000 	C:\WINDOWS\System32\IMM32.DLL
0x00007ff9d23c0000 - 0x00007ff9d23cc000 	C:\Program Files\Java\jdk-17\bin\vcruntime140_1.dll
0x00007ff9cc590000 - 0x00007ff9cc61e000 	C:\Program Files\Java\jdk-17\bin\msvcp140.dll
0x00007ff98b390000 - 0x00007ff98bf6d000 	C:\Program Files\Java\jdk-17\bin\server\jvm.dll
0x00007ff9d7f50000 - 0x00007ff9d7f58000 	C:\WINDOWS\System32\PSAPI.DLL
0x00007ff9c4b00000 - 0x00007ff9c4b09000 	C:\WINDOWS\SYSTEM32\WSOCK32.dll
0x00007ff9d8790000 - 0x00007ff9d87ff000 	C:\WINDOWS\System32\WS2_32.dll
0x00007ff9d1250000 - 0x00007ff9d1283000 	C:\WINDOWS\SYSTEM32\WINMM.dll
0x00007ff9d62a0000 - 0x00007ff9d62b8000 	C:\WINDOWS\SYSTEM32\kernel.appcore.dll
0x00007ff9d15f0000 - 0x00007ff9d15fa000 	C:\Program Files\Java\jdk-17\bin\jimage.dll
0x00007ff9d4ab0000 - 0x00007ff9d4cd1000 	C:\WINDOWS\SYSTEM32\DBGHELP.DLL
0x00007ff9c1bc0000 - 0x00007ff9c1bf1000 	C:\WINDOWS\SYSTEM32\dbgcore.DLL
0x00007ff9d7870000 - 0x00007ff9d78ef000 	C:\WINDOWS\System32\bcryptPrimitives.dll
0x00007ff9b92e0000 - 0x00007ff9b931b000 	C:\Program Files\Java\jdk-17\bin\jdwp.dll
0x00007ff9cc560000 - 0x00007ff9cc585000 	C:\Program Files\Java\jdk-17\bin\java.dll

dbghelp: loaded successfully - version: 4.0.5 - missing functions: none
symbol engine: initialized successfully - sym options: 0x614 - pdb path: .;C:\Program Files\Java\jdk-17\bin;C:\WINDOWS\SYSTEM32;C:\WINDOWS\WinSxS\amd64_microsoft.windows.common-controls_6595b64144ccf1df_6.0.22000.120_none_9d947278b86cc467;C:\Program Files\Java\jdk-17\bin\server

VM Arguments:
jvm_args: -agentlib:jdwp=transport=dt_socket,server=n,suspend=y,address=127.0.0.1:52350 -Dfile.encoding=windows-1252 -Duser.country=IN -Duser.language=en -Duser.variant 
java_command: com.cyber.invoicekeepms.InvoiceKeepMsApplication
java_class_path (initial): E:\MyProjects\invoice-keep-ms\build\classes\java\main;E:\MyProjects\invoice-keep-ms\build\resources\main;E:\MyProjects\gradle-7.3.3\caches\modules-2\files-2.1\org.springframework.boot\spring-boot-starter-data-jpa\3.0.6\d0b6b836a6e3a223a92e6594c2d8c5f0a7cccec\spring-boot-starter-data-jpa-3.0.6.jar;E:\MyProjects\gradle-7.3.3\caches\modules-2\files-2.1\org.springframework.boot\spring-boot-starter-web\3.0.6\7c6597cae584c359d7e4ddea6e006176e0c15936\spring-boot-starter-web-3.0.6.jar;E:\MyProjects\gradle-7.3.3\caches\modules-2\files-2.1\org.springframework.boot\spring-boot-starter-validation\3.0.6\d5933e79435cd9459be59f297e207caa0deb01f6\spring-boot-starter-validation-3.0.6.jar;E:\MyProjects\gradle-7.3.3\caches\modules-2\files-2.1\org.postgresql\postgresql\42.5.4\15015a54f15e340a9a8a6a2c5457429cb1176b8\postgresql-42.5.4.jar;E:\MyProjects\gradle-7.3.3\caches\modules-2\files-2.1\org.springframework.boot\spring-boot-starter-aop\3.0.6\bb39de062db9b7b7a277e6c026ed5ac45f544fc8\spring-boot-starter-aop-3.0.6.jar;E:\MyProjects\gradle-7.3.3\caches\modules-2\files-2.1\org.springframework.boot\spring-boot-starter-jdbc\3.0.6\672661f4a90a9479170fba058a88892dac5ba69c\spring-boot-starter-jdbc-3.0.6.jar;E:\MyProjects\gradle-7.3.3\caches\modules-2\files-2.1\org.hibernate.orm\hibernate-core\6.1.7.Final\343f47b34c96fe9c44bf9b219a7b3c5d6d2fc90e\hibernate-core-6.1.7.Final.jar;E:\MyProjects\gradle-7.3.3\caches\modules-2\files-2.1\org.springframework.data\spring-data-jpa\3.0.5\84987fbd727eb0cf2f164dd07fe2bd697ddde8f1\spring-data-jpa-3.0.5.jar;E:\MyProjects\gradle-7.3.3\caches\modules-2\files-2.1\org.springframework\spring-aspects\6.0.8\53e6f4b4136b40cc0a7137fb05e38b45c2c286fe\spring-aspects-6.0.8.jar;E:\MyProjects\gradle-7.3.3\caches\modules-2\files-2.1\org.springframework.boot\spring-boot-starter-json\3.0.6\e0a1dd1653750a8e0a25b7b6be977231d7fa607e\spring-boot-starter-json-3.0.6.jar;E:\MyProjects\gradle-7.3.3\caches\modules-2\files-2.1\org.springframework.boot\spring-
Launcher Type: SUN_STANDARD

[Global flags]
     intx CICompilerCount                          = 4                                         {product} {ergonomic}
     uint ConcGCThreads                            = 2                                         {product} {ergonomic}
     uint G1ConcRefinementThreads                  = 8                                         {product} {ergonomic}
   size_t G1HeapRegionSize                         = 1048576                                   {product} {ergonomic}
    uintx GCDrainStackTargetSize                   = 64                                        {product} {ergonomic}
   size_t InitialHeapSize                          = 134217728                                 {product} {ergonomic}
   size_t MarkStackSize                            = 4194304                                   {product} {ergonomic}
   size_t MaxHeapSize                              = 2124414976                                {product} {ergonomic}
   size_t MinHeapDeltaBytes                        = 1048576                                   {product} {ergonomic}
   size_t MinHeapSize                              = 8388608                                   {product} {ergonomic}
    uintx NonNMethodCodeHeapSize                   = 5839372                                {pd product} {ergonomic}
    uintx NonProfiledCodeHeapSize                  = 122909434                              {pd product} {ergonomic}
    uintx ProfiledCodeHeapSize                     = 122909434                              {pd product} {ergonomic}
    uintx ReservedCodeCacheSize                    = 251658240                              {pd product} {ergonomic}
     bool SegmentedCodeCache                       = true                                      {product} {ergonomic}
   size_t SoftMaxHeapSize                          = 2124414976                             {manageable} {ergonomic}
     bool UseCompressedClassPointers               = true                           {product lp64_product} {ergonomic}
     bool UseCompressedOops                        = true                           {product lp64_product} {ergonomic}
     bool UseG1GC                                  = true                                      {product} {ergonomic}
     bool UseLargePagesIndividualAllocation        = false                                  {pd product} {ergonomic}

Logging:
Log output configuration:
 #0: stdout all=warning uptime,level,tags
 #1: stderr all=off uptime,level,tags

Environment Variables:
PATH=C:\Program Files\Common Files\Oracle\Java\javapath;C:\Program Files (x86)\Common Files\Intel\Shared Libraries\redist\intel64\compiler;C:\Windows\system32;C:\Windows;C:\Windows\System32\Wbem;C:\Windows\System32\WindowsPowerShell\v1.0\;C:\Windows\System32\OpenSSH\;C:\Program Files (x86)\NVIDIA Corporation\PhysX\Common;C:\Program Files\NVIDIA Corporation\NVIDIA NvDLISR;C:\Users\LEGION\AppData\Local\atom\bin;C:\WINDOWS\system32;C:\WINDOWS;C:\WINDOWS\System32\Wbem;C:\WINDOWS\System32\WindowsPowerShell\v1.0\;C:\WINDOWS\System32\OpenSSH\;C:\Program Files\Git\cmd;C:\Program Files\Sublime Text 3;C:\Program Files\dotnet\;C:\Program Files\Go\bin;C:\Program Files\nodejs\;C:\Users\LEGION\AppData\Local\Programs\Python\Python310\Scripts\;C:\Users\LEGION\AppData\Local\Programs\Python\Python310\;C:\Users\LEGION\AppData\Local\Microsoft\WindowsApps;C:\Users\LEGION\AppData\Local\Programs\Microsoft VS Code\bin;C:\Users\LEGION\AppData\Local\atom\bin;C:\Users\LEGION\AppData\Local\Microsoft\WindowsApps;C:\Program Files\JetBrains\IntelliJ IDEA Community Edition 2023.1.1\bin;;C:\Users\LEGION\go\bin;C:\Users\LEGION\AppData\Roaming\npm
USERNAME=LEGION
OS=Windows_NT
PROCESSOR_IDENTIFIER=Intel64 Family 6 Model 165 Stepping 2, GenuineIntel



---------------  S Y S T E M  ---------------

OS:
 Windows 11 , 64 bit Build 22000 (10.0.22000.1880)
OS uptime: 0 days 22:40 hours

CPU: total 8 (initial active 8) (4 cores per cpu, 2 threads per core) family 6 model 165 stepping 2 microcode 0xea, cx8, cmov, fxsr, ht, mmx, 3dnowpref, sse, sse2, sse3, ssse3, sse4.1, sse4.2, popcnt, lzcnt, tsc, tscinvbit, avx, avx2, aes, erms, clmul, bmi1, bmi2, adx, fma, vzeroupper, clflush, clflushopt

Memory: 4k page, system-wide physical 8099M (394M free)
TotalPageFile size 32675M (AvailPageFile size 19M)
current process WorkingSet (physical memory assigned to process): 10M, peak: 10M
current process commit charge ("private bytes"): 60M, peak: 188M

vm_info: Java HotSpot(TM) 64-Bit Server VM (17.0.7+8-LTS-224) for windows-amd64 JRE (17.0.7+8-LTS-224), built on Feb 28 2023 23:03:02 by "mach5one" with MS VC++ 17.1 (VS2022)

END.
